<?xml version="1.0" encoding="UTF-8"?>
<!-- Generated by org.testng.reporters.JUnitReportReporter -->
<testsuite hostname="DESKTOP-GRAQ34B" failures="0" tests="2" name="filterAndSortItemsTest" time="25.389" errors="0" timestamp="2024-02-07T20:56:55 CET" skipped="0">
  <testcase classname="filterAndSortItemsTest" name="selectCategoryTest" time="18.574"/>
  <system-out/>
  <testcase classname="filterAndSortItemsTest" name="showOnlyDiscountedItemsTest" time="6.815"/>
  <system-out/>
</testsuite> <!-- filterAndSortItemsTest -->
