<?xml version="1.0" encoding="UTF-8"?>
<!-- Generated by org.testng.reporters.JUnitReportReporter -->
<testsuite hostname="DESKTOP-GRAQ34B" failures="0" tests="2" name="exploreAndTryLogin" time="30.283" errors="0" timestamp="2024-02-07T20:56:55 CET" skipped="0">
  <testcase classname="exploreAndTryLogin" name="exploreLoyaltyClubPageTest" time="24.409"/>
  <system-out/>
  <testcase classname="exploreAndTryLogin" name="tryLoginTest" time="5.874"/>
  <system-out/>
</testsuite> <!-- exploreAndTryLogin -->
