<?xml version="1.0" encoding="UTF-8"?>
<!-- Generated by org.testng.reporters.JUnitReportReporter -->
<testsuite hostname="DESKTOP-GRAQ34B" failures="0" tests="2" name="addToCartTest" time="37.120" errors="0" timestamp="2024-02-07T20:56:55 CET" skipped="0">
  <testcase classname="addToCartTest" name="openSpecificItemPageTest" time="33.718"/>
  <system-out/>
  <testcase classname="addToCartTest" name="addtItemToCartTest" time="3.402"/>
  <system-out/>
</testsuite> <!-- addToCartTest -->
