<?xml version="1.0" encoding="UTF-8"?>
<!-- Generated by org.testng.reporters.JUnitReportReporter -->
<testsuite hostname="DESKTOP-GRAQ34B" failures="0" tests="1" name="searchItemsTest" time="28.932" errors="0" timestamp="2024-02-07T20:56:55 CET" skipped="0">
  <testcase classname="searchItemsTest" name="filterItemsTest" time="28.932"/>
  <system-out/>
</testsuite> <!-- searchItemsTest -->
